<?xml version="1.0" encoding="UTF-8"?>
<!-- Generated by org.testng.reporters.JUnitReportReporter -->
<testsuite hostname="AKASH-LAPTOP" failures="0" tests="1" name="Get.Method.Example2" time="4.710" errors="0" timestamp="2023-04-09T23:43:18 IST" skipped="0">
  <testcase classname="Get.Method.Example2" name="getmethod" time="4.710"/>
  <system-out/>
</testsuite> <!-- Get.Method.Example2 -->
