<?xml version="1.0" encoding="UTF-8"?>
<!-- Generated by org.testng.reporters.JUnitReportReporter -->
<testsuite hostname="AKASH-LAPTOP" failures="0" tests="1" name="Delete.Method.Example1" time="4.927" errors="0" timestamp="2023-04-09T12:00:16 IST" skipped="0">
  <testcase classname="Delete.Method.Example1" name="deleteMethod" time="4.927"/>
  <system-out/>
</testsuite> <!-- Delete.Method.Example1 -->
