<?xml version="1.0" encoding="UTF-8"?>
<!-- Generated by org.testng.reporters.JUnitReportReporter -->
<testsuite hostname="AKASH-LAPTOP" failures="0" tests="1" name="Patch.Method.Example1Patch" time="4.909" errors="0" timestamp="2023-04-09T11:46:37 IST" skipped="0">
  <testcase classname="Patch.Method.Example1Patch" name="patchMethod" time="4.909"/>
  <system-out/>
</testsuite> <!-- Patch.Method.Example1Patch -->
