<?xml version="1.0" encoding="UTF-8"?>
<!-- Generated by org.testng.reporters.JUnitReportReporter -->
<testsuite hostname="AKASH-LAPTOP" failures="0" tests="1" name="Get.Method.ExampleGet1" time="3.199" errors="0" timestamp="2023-04-08T23:01:58 IST" skipped="0">
  <testcase classname="Get.Method.ExampleGet1" name="Getmethod" time="3.199"/>
  <system-out/>
</testsuite> <!-- Get.Method.ExampleGet1 -->
