<?xml version="1.0" encoding="UTF-8"?>
<!-- Generated by org.testng.reporters.JUnitReportReporter -->
<testsuite hostname="AKASH-LAPTOP" failures="0" tests="1" name="Post.Method.Example1post" time="3.375" errors="0" timestamp="2023-04-09T23:44:30 IST" skipped="0">
  <testcase classname="Post.Method.Example1post" name="postMethod" time="3.375"/>
  <system-out/>
</testsuite> <!-- Post.Method.Example1post -->
